 schemaname |                     tablename                     |                            indexname                            | tablespace |                                                                                 indexdef                                                                                  
------------+---------------------------------------------------+-----------------------------------------------------------------+------------+---------------------------------------------------------------------------------------------------------------------------------------------------------------------------
 pg_catalog | pg_aggregate                                      | pg_aggregate_fnoid_index                                        |            | CREATE UNIQUE INDEX pg_aggregate_fnoid_index ON pg_aggregate USING btree (aggfnoid)
 pg_catalog | pg_am                                             | pg_am_name_index                                                |            | CREATE UNIQUE INDEX pg_am_name_index ON pg_am USING btree (amname)
 pg_catalog | pg_am                                             | pg_am_oid_index                                                 |            | CREATE UNIQUE INDEX pg_am_oid_index ON pg_am USING btree (oid)
 pg_catalog | pg_amop                                           | pg_amop_fam_strat_index                                         |            | CREATE UNIQUE INDEX pg_amop_fam_strat_index ON pg_amop USING btree (amopfamily, amoplefttype, amoprighttype, amopstrategy)
 pg_catalog | pg_amop                                           | pg_amop_opr_fam_index                                           |            | CREATE UNIQUE INDEX pg_amop_opr_fam_index ON pg_amop USING btree (amopopr, amopfamily)
 pg_catalog | pg_amop                                           | pg_amop_oid_index                                               |            | CREATE UNIQUE INDEX pg_amop_oid_index ON pg_amop USING btree (oid)
 pg_catalog | pg_amproc                                         | pg_amproc_fam_proc_index                                        |            | CREATE UNIQUE INDEX pg_amproc_fam_proc_index ON pg_amproc USING btree (amprocfamily, amproclefttype, amprocrighttype, amprocnum)
 pg_catalog | pg_amproc                                         | pg_amproc_oid_index                                             |            | CREATE UNIQUE INDEX pg_amproc_oid_index ON pg_amproc USING btree (oid)
 pg_catalog | pg_attrdef                                        | pg_attrdef_adrelid_adnum_index                                  |            | CREATE UNIQUE INDEX pg_attrdef_adrelid_adnum_index ON pg_attrdef USING btree (adrelid, adnum)
 pg_catalog | pg_attrdef                                        | pg_attrdef_oid_index                                            |            | CREATE UNIQUE INDEX pg_attrdef_oid_index ON pg_attrdef USING btree (oid)
 pg_catalog | pg_attribute                                      | pg_attribute_relid_attnam_index                                 |            | CREATE UNIQUE INDEX pg_attribute_relid_attnam_index ON pg_attribute USING btree (attrelid, attname)
 pg_catalog | pg_attribute                                      | pg_attribute_relid_attnum_index                                 |            | CREATE UNIQUE INDEX pg_attribute_relid_attnum_index ON pg_attribute USING btree (attrelid, attnum)
 pg_catalog | pg_authid                                         | pg_authid_rolname_index                                         | pg_global  | CREATE UNIQUE INDEX pg_authid_rolname_index ON pg_authid USING btree (rolname)
 pg_catalog | pg_authid                                         | pg_authid_oid_index                                             | pg_global  | CREATE UNIQUE INDEX pg_authid_oid_index ON pg_authid USING btree (oid)
 pg_catalog | pg_auth_members                                   | pg_auth_members_role_member_index                               | pg_global  | CREATE UNIQUE INDEX pg_auth_members_role_member_index ON pg_auth_members USING btree (roleid, member)
 pg_catalog | pg_auth_members                                   | pg_auth_members_member_role_index                               | pg_global  | CREATE UNIQUE INDEX pg_auth_members_member_role_index ON pg_auth_members USING btree (member, roleid)
 pg_catalog | pg_cast                                           | pg_cast_oid_index                                               |            | CREATE UNIQUE INDEX pg_cast_oid_index ON pg_cast USING btree (oid)
 pg_catalog | pg_cast                                           | pg_cast_source_target_index                                     |            | CREATE UNIQUE INDEX pg_cast_source_target_index ON pg_cast USING btree (castsource, casttarget)
 pg_catalog | pg_class                                          | pg_class_oid_index                                              |            | CREATE UNIQUE INDEX pg_class_oid_index ON pg_class USING btree (oid)
 pg_catalog | pg_class                                          | pg_class_relname_nsp_index                                      |            | CREATE UNIQUE INDEX pg_class_relname_nsp_index ON pg_class USING btree (relname, relnamespace)
 pg_catalog | pg_constraint                                     | pg_constraint_conname_nsp_index                                 |            | CREATE INDEX pg_constraint_conname_nsp_index ON pg_constraint USING btree (conname, connamespace)
 pg_catalog | pg_constraint                                     | pg_constraint_conrelid_index                                    |            | CREATE INDEX pg_constraint_conrelid_index ON pg_constraint USING btree (conrelid)
 pg_catalog | pg_constraint                                     | pg_constraint_contypid_index                                    |            | CREATE INDEX pg_constraint_contypid_index ON pg_constraint USING btree (contypid)
 pg_catalog | pg_constraint                                     | pg_constraint_oid_index                                         |            | CREATE UNIQUE INDEX pg_constraint_oid_index ON pg_constraint USING btree (oid)
 pg_catalog | pg_conversion                                     | pg_conversion_default_index                                     |            | CREATE UNIQUE INDEX pg_conversion_default_index ON pg_conversion USING btree (connamespace, conforencoding, contoencoding, oid)
 pg_catalog | pg_conversion                                     | pg_conversion_name_nsp_index                                    |            | CREATE UNIQUE INDEX pg_conversion_name_nsp_index ON pg_conversion USING btree (conname, connamespace)
 pg_catalog | pg_conversion                                     | pg_conversion_oid_index                                         |            | CREATE UNIQUE INDEX pg_conversion_oid_index ON pg_conversion USING btree (oid)
 pg_catalog | pg_database                                       | pg_database_datname_index                                       | pg_global  | CREATE UNIQUE INDEX pg_database_datname_index ON pg_database USING btree (datname)
 pg_catalog | pg_database                                       | pg_database_oid_index                                           | pg_global  | CREATE UNIQUE INDEX pg_database_oid_index ON pg_database USING btree (oid)
 pg_catalog | pg_depend                                         | pg_depend_depender_index                                        |            | CREATE INDEX pg_depend_depender_index ON pg_depend USING btree (classid, objid, objsubid)
 pg_catalog | pg_depend                                         | pg_depend_reference_index                                       |            | CREATE INDEX pg_depend_reference_index ON pg_depend USING btree (refclassid, refobjid, refobjsubid)
 pg_catalog | pg_description                                    | pg_description_o_c_o_index                                      |            | CREATE UNIQUE INDEX pg_description_o_c_o_index ON pg_description USING btree (objoid, classoid, objsubid)
 pg_catalog | pg_shdescription                                  | pg_shdescription_o_c_index                                      | pg_global  | CREATE UNIQUE INDEX pg_shdescription_o_c_index ON pg_shdescription USING btree (objoid, classoid)
 pg_catalog | pg_enum                                           | pg_enum_oid_index                                               |            | CREATE UNIQUE INDEX pg_enum_oid_index ON pg_enum USING btree (oid)
 pg_catalog | pg_enum                                           | pg_enum_typid_label_index                                       |            | CREATE UNIQUE INDEX pg_enum_typid_label_index ON pg_enum USING btree (enumtypid, enumlabel)
 pg_catalog | pg_index                                          | pg_index_indrelid_index                                         |            | CREATE INDEX pg_index_indrelid_index ON pg_index USING btree (indrelid)
 pg_catalog | pg_index                                          | pg_index_indexrelid_index                                       |            | CREATE UNIQUE INDEX pg_index_indexrelid_index ON pg_index USING btree (indexrelid)
 pg_catalog | pg_inherits                                       | pg_inherits_relid_seqno_index                                   |            | CREATE UNIQUE INDEX pg_inherits_relid_seqno_index ON pg_inherits USING btree (inhrelid, inhseqno)
 pg_catalog | pg_language                                       | pg_language_name_index                                          |            | CREATE UNIQUE INDEX pg_language_name_index ON pg_language USING btree (lanname)
 pg_catalog | pg_language                                       | pg_language_oid_index                                           |            | CREATE UNIQUE INDEX pg_language_oid_index ON pg_language USING btree (oid)
 pg_catalog | pg_largeobject                                    | pg_largeobject_loid_pn_index                                    |            | CREATE UNIQUE INDEX pg_largeobject_loid_pn_index ON pg_largeobject USING btree (loid, pageno)
 pg_catalog | pg_namespace                                      | pg_namespace_nspname_index                                      |            | CREATE UNIQUE INDEX pg_namespace_nspname_index ON pg_namespace USING btree (nspname)
 pg_catalog | pg_namespace                                      | pg_namespace_oid_index                                          |            | CREATE UNIQUE INDEX pg_namespace_oid_index ON pg_namespace USING btree (oid)
 pg_catalog | pg_opclass                                        | pg_opclass_am_name_nsp_index                                    |            | CREATE UNIQUE INDEX pg_opclass_am_name_nsp_index ON pg_opclass USING btree (opcmethod, opcname, opcnamespace)
 pg_catalog | pg_opclass                                        | pg_opclass_oid_index                                            |            | CREATE UNIQUE INDEX pg_opclass_oid_index ON pg_opclass USING btree (oid)
 pg_catalog | pg_operator                                       | pg_operator_oid_index                                           |            | CREATE UNIQUE INDEX pg_operator_oid_index ON pg_operator USING btree (oid)
 pg_catalog | pg_operator                                       | pg_operator_oprname_l_r_n_index                                 |            | CREATE UNIQUE INDEX pg_operator_oprname_l_r_n_index ON pg_operator USING btree (oprname, oprleft, oprright, oprnamespace)
 pg_catalog | pg_opfamily                                       | pg_opfamily_am_name_nsp_index                                   |            | CREATE UNIQUE INDEX pg_opfamily_am_name_nsp_index ON pg_opfamily USING btree (opfmethod, opfname, opfnamespace)
 pg_catalog | pg_opfamily                                       | pg_opfamily_oid_index                                           |            | CREATE UNIQUE INDEX pg_opfamily_oid_index ON pg_opfamily USING btree (oid)
 pg_catalog | pg_pltemplate                                     | pg_pltemplate_name_index                                        | pg_global  | CREATE UNIQUE INDEX pg_pltemplate_name_index ON pg_pltemplate USING btree (tmplname)
 pg_catalog | pg_proc                                           | pg_proc_oid_index                                               |            | CREATE UNIQUE INDEX pg_proc_oid_index ON pg_proc USING btree (oid)
 pg_catalog | pg_proc                                           | pg_proc_proname_args_nsp_index                                  |            | CREATE UNIQUE INDEX pg_proc_proname_args_nsp_index ON pg_proc USING btree (proname, proargtypes, pronamespace)
 pg_catalog | pg_rewrite                                        | pg_rewrite_oid_index                                            |            | CREATE UNIQUE INDEX pg_rewrite_oid_index ON pg_rewrite USING btree (oid)
 pg_catalog | pg_rewrite                                        | pg_rewrite_rel_rulename_index                                   |            | CREATE UNIQUE INDEX pg_rewrite_rel_rulename_index ON pg_rewrite USING btree (ev_class, rulename)
 pg_catalog | pg_shdepend                                       | pg_shdepend_depender_index                                      | pg_global  | CREATE INDEX pg_shdepend_depender_index ON pg_shdepend USING btree (dbid, classid, objid, objsubid)
 pg_catalog | pg_shdepend                                       | pg_shdepend_reference_index                                     | pg_global  | CREATE INDEX pg_shdepend_reference_index ON pg_shdepend USING btree (refclassid, refobjid)
 pg_catalog | pg_statistic                                      | pg_statistic_relid_att_index                                    |            | CREATE UNIQUE INDEX pg_statistic_relid_att_index ON pg_statistic USING btree (starelid, staattnum)
 pg_catalog | pg_tablespace                                     | pg_tablespace_oid_index                                         | pg_global  | CREATE UNIQUE INDEX pg_tablespace_oid_index ON pg_tablespace USING btree (oid)
 pg_catalog | pg_tablespace                                     | pg_tablespace_spcname_index                                     | pg_global  | CREATE UNIQUE INDEX pg_tablespace_spcname_index ON pg_tablespace USING btree (spcname)
 pg_catalog | pg_trigger                                        | pg_trigger_tgconstrname_index                                   |            | CREATE INDEX pg_trigger_tgconstrname_index ON pg_trigger USING btree (tgconstrname)
 pg_catalog | pg_trigger                                        | pg_trigger_tgrelid_tgname_index                                 |            | CREATE UNIQUE INDEX pg_trigger_tgrelid_tgname_index ON pg_trigger USING btree (tgrelid, tgname)
 pg_catalog | pg_trigger                                        | pg_trigger_oid_index                                            |            | CREATE UNIQUE INDEX pg_trigger_oid_index ON pg_trigger USING btree (oid)
 pg_catalog | pg_ts_config                                      | pg_ts_config_cfgname_index                                      |            | CREATE UNIQUE INDEX pg_ts_config_cfgname_index ON pg_ts_config USING btree (cfgname, cfgnamespace)
 pg_catalog | pg_ts_config                                      | pg_ts_config_oid_index                                          |            | CREATE UNIQUE INDEX pg_ts_config_oid_index ON pg_ts_config USING btree (oid)
 pg_catalog | pg_ts_config_map                                  | pg_ts_config_map_index                                          |            | CREATE UNIQUE INDEX pg_ts_config_map_index ON pg_ts_config_map USING btree (mapcfg, maptokentype, mapseqno)
 pg_catalog | pg_ts_dict                                        | pg_ts_dict_dictname_index                                       |            | CREATE UNIQUE INDEX pg_ts_dict_dictname_index ON pg_ts_dict USING btree (dictname, dictnamespace)
 pg_catalog | pg_ts_dict                                        | pg_ts_dict_oid_index                                            |            | CREATE UNIQUE INDEX pg_ts_dict_oid_index ON pg_ts_dict USING btree (oid)
 pg_catalog | pg_ts_parser                                      | pg_ts_parser_prsname_index                                      |            | CREATE UNIQUE INDEX pg_ts_parser_prsname_index ON pg_ts_parser USING btree (prsname, prsnamespace)
 pg_catalog | pg_ts_parser                                      | pg_ts_parser_oid_index                                          |            | CREATE UNIQUE INDEX pg_ts_parser_oid_index ON pg_ts_parser USING btree (oid)
 pg_catalog | pg_ts_template                                    | pg_ts_template_tmplname_index                                   |            | CREATE UNIQUE INDEX pg_ts_template_tmplname_index ON pg_ts_template USING btree (tmplname, tmplnamespace)
 pg_catalog | pg_ts_template                                    | pg_ts_template_oid_index                                        |            | CREATE UNIQUE INDEX pg_ts_template_oid_index ON pg_ts_template USING btree (oid)
 pg_catalog | pg_type                                           | pg_type_oid_index                                               |            | CREATE UNIQUE INDEX pg_type_oid_index ON pg_type USING btree (oid)
 pg_catalog | pg_type                                           | pg_type_typname_nsp_index                                       |            | CREATE UNIQUE INDEX pg_type_typname_nsp_index ON pg_type USING btree (typname, typnamespace)
 pg_catalog | pg_foreign_data_wrapper                           | pg_foreign_data_wrapper_oid_index                               |            | CREATE UNIQUE INDEX pg_foreign_data_wrapper_oid_index ON pg_foreign_data_wrapper USING btree (oid)
 pg_catalog | pg_foreign_data_wrapper                           | pg_foreign_data_wrapper_name_index                              |            | CREATE UNIQUE INDEX pg_foreign_data_wrapper_name_index ON pg_foreign_data_wrapper USING btree (fdwname)
 pg_catalog | pg_foreign_server                                 | pg_foreign_server_oid_index                                     |            | CREATE UNIQUE INDEX pg_foreign_server_oid_index ON pg_foreign_server USING btree (oid)
 pg_catalog | pg_foreign_server                                 | pg_foreign_server_name_index                                    |            | CREATE UNIQUE INDEX pg_foreign_server_name_index ON pg_foreign_server USING btree (srvname)
 pg_catalog | pg_user_mapping                                   | pg_user_mapping_oid_index                                       |            | CREATE UNIQUE INDEX pg_user_mapping_oid_index ON pg_user_mapping USING btree (oid)
 pg_catalog | pg_user_mapping                                   | pg_user_mapping_user_server_index                               |            | CREATE UNIQUE INDEX pg_user_mapping_user_server_index ON pg_user_mapping USING btree (umuser, umserver)
 public     | south_migrationhistory                            | south_migrationhistory_pkey                                     |            | CREATE UNIQUE INDEX south_migrationhistory_pkey ON south_migrationhistory USING btree (id)
 public     | auth_permission                                   | auth_permission_pkey                                            |            | CREATE UNIQUE INDEX auth_permission_pkey ON auth_permission USING btree (id)
 public     | auth_permission                                   | auth_permission_content_type_id_key                             |            | CREATE UNIQUE INDEX auth_permission_content_type_id_key ON auth_permission USING btree (content_type_id, codename)
 public     | auth_group_permissions                            | auth_group_permissions_pkey                                     |            | CREATE UNIQUE INDEX auth_group_permissions_pkey ON auth_group_permissions USING btree (id)
 public     | auth_group_permissions                            | auth_group_permissions_group_id_key                             |            | CREATE UNIQUE INDEX auth_group_permissions_group_id_key ON auth_group_permissions USING btree (group_id, permission_id)
 public     | reminder_newsletter                               | reminder_newsletter_date_key                                    |            | CREATE UNIQUE INDEX reminder_newsletter_date_key ON reminder_newsletter USING btree (date)
 public     | auth_group                                        | auth_group_pkey                                                 |            | CREATE UNIQUE INDEX auth_group_pkey ON auth_group USING btree (id)
 public     | auth_group                                        | auth_group_name_key                                             |            | CREATE UNIQUE INDEX auth_group_name_key ON auth_group USING btree (name)
 public     | auth_user_user_permissions                        | auth_user_user_permissions_pkey                                 |            | CREATE UNIQUE INDEX auth_user_user_permissions_pkey ON auth_user_user_permissions USING btree (id)
 public     | auth_user_user_permissions                        | auth_user_user_permissions_user_id_key                          |            | CREATE UNIQUE INDEX auth_user_user_permissions_user_id_key ON auth_user_user_permissions USING btree (user_id, permission_id)
 public     | cms_page                                          | cms_page_publisher_public_id_key                                |            | CREATE UNIQUE INDEX cms_page_publisher_public_id_key ON cms_page USING btree (publisher_public_id)
 public     | auth_user_groups                                  | auth_user_groups_pkey                                           |            | CREATE UNIQUE INDEX auth_user_groups_pkey ON auth_user_groups USING btree (id)
 public     | auth_user_groups                                  | auth_user_groups_user_id_key                                    |            | CREATE UNIQUE INDEX auth_user_groups_user_id_key ON auth_user_groups USING btree (user_id, group_id)
 public     | cms_page                                          | cms_page_publisher_is_draft                                     |            | CREATE INDEX cms_page_publisher_is_draft ON cms_page USING btree (publisher_is_draft)
 public     | pollster_results_intake_v0_2011110816121320765156 | pollster_results_intake_pkey                                    |            | CREATE UNIQUE INDEX pollster_results_intake_pkey ON pollster_results_intake_v0_2011110816121320765156 USING btree (id)
 public     | auth_user                                         | auth_user_pkey                                                  |            | CREATE UNIQUE INDEX auth_user_pkey ON auth_user USING btree (id)
 public     | auth_user                                         | auth_user_username_key                                          |            | CREATE UNIQUE INDEX auth_user_username_key ON auth_user USING btree (username)
 public     | cms_page                                          | cms_page_publisher_state                                        |            | CREATE INDEX cms_page_publisher_state ON cms_page USING btree (publisher_state)
 public     | auth_message                                      | auth_message_pkey                                               |            | CREATE UNIQUE INDEX auth_message_pkey ON auth_message USING btree (id)
 public     | django_content_type                               | django_content_type_pkey                                        |            | CREATE UNIQUE INDEX django_content_type_pkey ON django_content_type USING btree (id)
 public     | django_content_type                               | django_content_type_app_label_key                               |            | CREATE UNIQUE INDEX django_content_type_app_label_key ON django_content_type USING btree (app_label, model)
 public     | django_session                                    | django_session_pkey                                             |            | CREATE UNIQUE INDEX django_session_pkey ON django_session USING btree (session_key)
 public     | django_site                                       | django_site_pkey                                                |            | CREATE UNIQUE INDEX django_site_pkey ON django_site USING btree (id)
 public     | django_admin_log                                  | django_admin_log_pkey                                           |            | CREATE UNIQUE INDEX django_admin_log_pkey ON django_admin_log USING btree (id)
 public     | cms_page_placeholders                             | cms_page_placeholders_pkey                                      |            | CREATE UNIQUE INDEX cms_page_placeholders_pkey ON cms_page_placeholders USING btree (id)
 public     | cms_page_placeholders                             | cms_page_placeholders_page_id_598353cf6a0df834_uniq             |            | CREATE UNIQUE INDEX cms_page_placeholders_page_id_598353cf6a0df834_uniq ON cms_page_placeholders USING btree (page_id, placeholder_id)
 public     | registration_registrationprofile                  | registration_registrationprofile_pkey                           |            | CREATE UNIQUE INDEX registration_registrationprofile_pkey ON registration_registrationprofile USING btree (id)
 public     | registration_registrationprofile                  | registration_registrationprofile_user_id_key                    |            | CREATE UNIQUE INDEX registration_registrationprofile_user_id_key ON registration_registrationprofile USING btree (user_id)
 public     | cms_placeholder                                   | cms_placeholder_pkey                                            |            | CREATE UNIQUE INDEX cms_placeholder_pkey ON cms_placeholder USING btree (id)
 public     | loginurl_key                                      | loginurl_key_pkey                                               |            | CREATE UNIQUE INDEX loginurl_key_pkey ON loginurl_key USING btree (id)
 public     | loginurl_key                                      | loginurl_key_key_key                                            |            | CREATE UNIQUE INDEX loginurl_key_key_key ON loginurl_key USING btree (key)
 public     | cms_placeholder                                   | cms_placeholder_slot                                            |            | CREATE INDEX cms_placeholder_slot ON cms_placeholder USING btree (slot)
 public     | contact_form_feedback                             | contact_form_feedback_pkey                                      |            | CREATE UNIQUE INDEX contact_form_feedback_pkey ON contact_form_feedback USING btree (id)
 public     | cms_placeholder                                   | cms_placeholder_slot_like                                       |            | CREATE INDEX cms_placeholder_slot_like ON cms_placeholder USING btree (slot varchar_pattern_ops)
 public     | pollster_results_weekly_v1_2011110816331320766420 | pollster_results_weekly_pkey                                    |            | CREATE UNIQUE INDEX pollster_results_weekly_pkey ON pollster_results_weekly_v1_2011110816331320766420 USING btree (id)
 public     | cms_cmsplugin                                     | cms_cmsplugin_new_placeholder_id                                |            | CREATE INDEX cms_cmsplugin_new_placeholder_id ON cms_cmsplugin USING btree (placeholder_id)
 public     | auth_permission                                   | auth_permission_content_type_id                                 |            | CREATE INDEX auth_permission_content_type_id ON auth_permission USING btree (content_type_id)
 public     | auth_group_permissions                            | auth_group_permissions_group_id                                 |            | CREATE INDEX auth_group_permissions_group_id ON auth_group_permissions USING btree (group_id)
 public     | auth_group_permissions                            | auth_group_permissions_permission_id                            |            | CREATE INDEX auth_group_permissions_permission_id ON auth_group_permissions USING btree (permission_id)
 public     | auth_user_user_permissions                        | auth_user_user_permissions_user_id                              |            | CREATE INDEX auth_user_user_permissions_user_id ON auth_user_user_permissions USING btree (user_id)
 public     | auth_user_user_permissions                        | auth_user_user_permissions_permission_id                        |            | CREATE INDEX auth_user_user_permissions_permission_id ON auth_user_user_permissions USING btree (permission_id)
 public     | auth_user_groups                                  | auth_user_groups_user_id                                        |            | CREATE INDEX auth_user_groups_user_id ON auth_user_groups USING btree (user_id)
 public     | auth_user_groups                                  | auth_user_groups_group_id                                       |            | CREATE INDEX auth_user_groups_group_id ON auth_user_groups USING btree (group_id)
 public     | auth_message                                      | auth_message_user_id                                            |            | CREATE INDEX auth_message_user_id ON auth_message USING btree (user_id)
 public     | django_session                                    | django_session_expire_date                                      |            | CREATE INDEX django_session_expire_date ON django_session USING btree (expire_date)
 public     | django_admin_log                                  | django_admin_log_user_id                                        |            | CREATE INDEX django_admin_log_user_id ON django_admin_log USING btree (user_id)
 public     | django_admin_log                                  | django_admin_log_content_type_id                                |            | CREATE INDEX django_admin_log_content_type_id ON django_admin_log USING btree (content_type_id)
 public     | loginurl_key                                      | loginurl_key_user_id                                            |            | CREATE INDEX loginurl_key_user_id ON loginurl_key USING btree (user_id)
 public     | contact_form_feedback                             | contact_form_feedback_user_id                                   |            | CREATE INDEX contact_form_feedback_user_id ON contact_form_feedback USING btree (user_id)
 public     | cms_title                                         | cms_title_page_id_45628dc0e8a26dd5_uniq                         |            | CREATE UNIQUE INDEX cms_title_page_id_45628dc0e8a26dd5_uniq ON cms_title USING btree (page_id, language)
 public     | cms_page                                          | cms_page_pkey                                                   |            | CREATE UNIQUE INDEX cms_page_pkey ON cms_page USING btree (id)
 public     | cms_page_placeholders                             | cms_page_placeholders_page_id                                   |            | CREATE INDEX cms_page_placeholders_page_id ON cms_page_placeholders USING btree (page_id)
 public     | cms_page_placeholders                             | cms_page_placeholders_placeholder_id                            |            | CREATE INDEX cms_page_placeholders_placeholder_id ON cms_page_placeholders USING btree (placeholder_id)
 public     | cms_title                                         | cms_title_pkey                                                  |            | CREATE UNIQUE INDEX cms_title_pkey ON cms_title USING btree (id)
 public     | cms_title                                         | cms_title_language                                              |            | CREATE INDEX cms_title_language ON cms_title USING btree (language)
 public     | cms_title                                         | cms_title_language_like                                         |            | CREATE INDEX cms_title_language_like ON cms_title USING btree (language varchar_pattern_ops)
 public     | cms_page                                          | cms_page_limit_visibility_in_menu                               |            | CREATE INDEX cms_page_limit_visibility_in_menu ON cms_page USING btree (limit_visibility_in_menu)
 public     | cms_cmsplugin                                     | cms_cmsplugin_language                                          |            | CREATE INDEX cms_cmsplugin_language ON cms_cmsplugin USING btree (language)
 public     | cms_cmsplugin                                     | cms_cmsplugin_language_like                                     |            | CREATE INDEX cms_cmsplugin_language_like ON cms_cmsplugin USING btree (language varchar_pattern_ops)
 public     | pollster_results_intake_v0_2011110816221320765757 | pollster_results_intake_pkey1                                   |            | CREATE UNIQUE INDEX pollster_results_intake_pkey1 ON pollster_results_intake_v0_2011110816221320765757 USING btree (id)
 public     | partnersites_sitesettings                         | partnersites_sitesettings_pkey                                  |            | CREATE UNIQUE INDEX partnersites_sitesettings_pkey ON partnersites_sitesettings USING btree (id)
 public     | cms_pagepermission                                | cms_pagepermission_pkey                                         |            | CREATE UNIQUE INDEX cms_pagepermission_pkey ON cms_pagepermission USING btree (id)
 public     | survey_survey                                     | survey_survey_pkey                                              |            | CREATE UNIQUE INDEX survey_survey_pkey ON survey_survey USING btree (id)
 public     | survey_survey                                     | survey_survey_survey_id_key                                     |            | CREATE UNIQUE INDEX survey_survey_survey_id_key ON survey_survey USING btree (survey_id)
 public     | survey_participation                              | survey_participation_pkey                                       |            | CREATE UNIQUE INDEX survey_participation_pkey ON survey_participation USING btree (id)
 public     | pollster_results_intake_v0_2011110816511320767517 | pollster_results_intake_pkey2                                   |            | CREATE UNIQUE INDEX pollster_results_intake_pkey2 ON pollster_results_intake_v0_2011110816511320767517 USING btree (id)
 public     | survey_responsesendqueue                          | survey_responsesendqueue_pkey                                   |            | CREATE UNIQUE INDEX survey_responsesendqueue_pkey ON survey_responsesendqueue USING btree (id)
 public     | survey_profilesendqueue                           | survey_profilesendqueue_pkey                                    |            | CREATE UNIQUE INDEX survey_profilesendqueue_pkey ON survey_profilesendqueue USING btree (id)
 public     | cms_pagepermission                                | cms_pagepermission_group_id                                     |            | CREATE INDEX cms_pagepermission_group_id ON cms_pagepermission USING btree (group_id)
 public     | cms_pagepermission                                | cms_pagepermission_page_id                                      |            | CREATE INDEX cms_pagepermission_page_id ON cms_pagepermission USING btree (page_id)
 public     | cms_title                                         | cms_title_page_id                                               |            | CREATE INDEX cms_title_page_id ON cms_title USING btree (page_id)
 public     | cms_title                                         | cms_title_path                                                  |            | CREATE INDEX cms_title_path ON cms_title USING btree (path)
 public     | cms_title                                         | cms_title_path_like                                             |            | CREATE INDEX cms_title_path_like ON cms_title USING btree (path varchar_pattern_ops)
 public     | cms_title                                         | cms_title_slug                                                  |            | CREATE INDEX cms_title_slug ON cms_title USING btree (slug)
 public     | cms_title                                         | cms_title_slug_like                                             |            | CREATE INDEX cms_title_slug_like ON cms_title USING btree (slug varchar_pattern_ops)
 public     | cms_cmsplugin                                     | cms_cmsplugin_plugin_type                                       |            | CREATE INDEX cms_cmsplugin_plugin_type ON cms_cmsplugin USING btree (plugin_type)
 public     | cms_cmsplugin                                     | cms_cmsplugin_plugin_type_like                                  |            | CREATE INDEX cms_cmsplugin_plugin_type_like ON cms_cmsplugin USING btree (plugin_type varchar_pattern_ops)
 public     | survey_localresponse                              | survey_localresponse_pkey                                       |            | CREATE UNIQUE INDEX survey_localresponse_pkey ON survey_localresponse USING btree (id)
 public     | survey_surveyuser                                 | survey_surveyuser_pkey                                          |            | CREATE UNIQUE INDEX survey_surveyuser_pkey ON survey_surveyuser USING btree (id)
 public     | survey_surveyuser                                 | survey_surveyuser_global_id_key                                 |            | CREATE UNIQUE INDEX survey_surveyuser_global_id_key ON survey_surveyuser USING btree (global_id)
 public     | survey_lastresponse                               | survey_lastresponse_user_id_key                                 |            | CREATE UNIQUE INDEX survey_lastresponse_user_id_key ON survey_lastresponse USING btree (user_id)
 public     | cms_page                                          | cms_page_rght                                                   |            | CREATE INDEX cms_page_rght ON cms_page USING btree (rght)
 public     | cms_page                                          | cms_page_level                                                  |            | CREATE INDEX cms_page_level ON cms_page USING btree (level)
 public     | cms_page                                          | cms_page_navigation_extenders                                   |            | CREATE INDEX cms_page_navigation_extenders ON cms_page USING btree (navigation_extenders)
 public     | cms_page                                          | cms_page_navigation_extenders_like                              |            | CREATE INDEX cms_page_navigation_extenders_like ON cms_page USING btree (navigation_extenders varchar_pattern_ops)
 public     | cms_page                                          | cms_page_parent_id                                              |            | CREATE INDEX cms_page_parent_id ON cms_page USING btree (parent_id)
 public     | survey_surveyuser                                 | survey_surveyuser_last_participation_id                         |            | CREATE INDEX survey_surveyuser_last_participation_id ON survey_surveyuser USING btree (last_participation_id)
 public     | cmsplugin_picture                                 | picture_picture_cmsplugin_ptr_id_key                            |            | CREATE UNIQUE INDEX picture_picture_cmsplugin_ptr_id_key ON cmsplugin_picture USING btree (cmsplugin_ptr_id)
 public     | cms_cmsplugin                                     | cms_cmsplugin_pkey                                              |            | CREATE UNIQUE INDEX cms_cmsplugin_pkey ON cms_cmsplugin USING btree (id)
 public     | cms_cmsplugin                                     | cms_cmsplugin_parent_id                                         |            | CREATE INDEX cms_cmsplugin_parent_id ON cms_cmsplugin USING btree (parent_id)
 public     | cms_cmsplugin                                     | cms_cmsplugin_tree_id                                           |            | CREATE INDEX cms_cmsplugin_tree_id ON cms_cmsplugin USING btree (tree_id)
 public     | cms_cmsplugin                                     | cms_cmsplugin_lft                                               |            | CREATE INDEX cms_cmsplugin_lft ON cms_cmsplugin USING btree (lft)
 public     | cms_cmsplugin                                     | cms_cmsplugin_rght                                              |            | CREATE INDEX cms_cmsplugin_rght ON cms_cmsplugin USING btree (rght)
 public     | cms_cmsplugin                                     | cms_cmsplugin_level                                             |            | CREATE INDEX cms_cmsplugin_level ON cms_cmsplugin USING btree (level)
 public     | survey_profile                                    | survey_profile_pkey                                             |            | CREATE UNIQUE INDEX survey_profile_pkey ON survey_profile USING btree (id)
 public     | survey_profile                                    | survey_profile_user_id_key                                      |            | CREATE UNIQUE INDEX survey_profile_user_id_key ON survey_profile USING btree (user_id)
 public     | survey_lastresponse                               | survey_lastresponse_pkey                                        |            | CREATE UNIQUE INDEX survey_lastresponse_pkey ON survey_lastresponse USING btree (id)
 public     | survey_participation                              | survey_participation_user_id                                    |            | CREATE INDEX survey_participation_user_id ON survey_participation USING btree (user_id)
 public     | survey_participation                              | survey_participation_survey_id                                  |            | CREATE INDEX survey_participation_survey_id ON survey_participation USING btree (survey_id)
 public     | survey_profile                                    | survey_profile_survey_id                                        |            | CREATE INDEX survey_profile_survey_id ON survey_profile USING btree (survey_id)
 public     | cms_pageuser                                      | cms_pageuser_pkey                                               |            | CREATE UNIQUE INDEX cms_pageuser_pkey ON cms_pageuser USING btree (user_ptr_id)
 public     | cms_title                                         | cms_title_has_url_overwrite                                     |            | CREATE INDEX cms_title_has_url_overwrite ON cms_title USING btree (has_url_overwrite)
 public     | cms_title                                         | cms_title_application_urls_like                                 |            | CREATE INDEX cms_title_application_urls_like ON cms_title USING btree (application_urls varchar_pattern_ops)
 public     | cms_title                                         | cms_title_application_urls                                      |            | CREATE INDEX cms_title_application_urls ON cms_title USING btree (application_urls)
 public     | survey_participation                              | survey_participation_previous_participation_id                  |            | CREATE INDEX survey_participation_previous_participation_id ON survey_participation USING btree (previous_participation_id)
 public     | survey_responsesendqueue                          | survey_responsesendqueue_participation_id                       |            | CREATE INDEX survey_responsesendqueue_participation_id ON survey_responsesendqueue USING btree (participation_id)
 public     | survey_profilesendqueue                           | survey_profilesendqueue_owner_id                                |            | CREATE INDEX survey_profilesendqueue_owner_id ON survey_profilesendqueue USING btree (owner_id)
 public     | reminder_remindersettings                         | reminder_remindersettings_pkey                                  |            | CREATE UNIQUE INDEX reminder_remindersettings_pkey ON reminder_remindersettings USING btree (id)
 public     | cms_pagemoderator                                 | cms_pagemoderator_pkey                                          |            | CREATE UNIQUE INDEX cms_pagemoderator_pkey ON cms_pagemoderator USING btree (id)
 public     | reminder_remindersettings                         | reminder_remindersettings_site_id_key                           |            | CREATE UNIQUE INDEX reminder_remindersettings_site_id_key ON reminder_remindersettings USING btree (site_id)
 public     | cms_pagemoderatorstate                            | cms_pagemoderatorstate_pkey                                     |            | CREATE UNIQUE INDEX cms_pagemoderatorstate_pkey ON cms_pagemoderatorstate USING btree (id)
 public     | cms_pageusergroup                                 | cms_pageusergroup_pkey                                          |            | CREATE UNIQUE INDEX cms_pageusergroup_pkey ON cms_pageusergroup USING btree (group_ptr_id)
 public     | cms_globalpagepermission                          | cms_globalpagepermission_pkey                                   |            | CREATE UNIQUE INDEX cms_globalpagepermission_pkey ON cms_globalpagepermission USING btree (id)
 public     | cms_page                                          | cms_page_soft_root                                              |            | CREATE INDEX cms_page_soft_root ON cms_page USING btree (soft_root)
 public     | cms_page                                          | cms_page_lft                                                    |            | CREATE INDEX cms_page_lft ON cms_page USING btree (lft)
 public     | cms_page                                          | cms_page_publication_end_date                                   |            | CREATE INDEX cms_page_publication_end_date ON cms_page USING btree (publication_end_date)
 public     | cms_page                                          | cms_page_tree_id                                                |            | CREATE INDEX cms_page_tree_id ON cms_page USING btree (tree_id)
 public     | survey_localprofile                               | survey_localprofile_pkey                                        |            | CREATE UNIQUE INDEX survey_localprofile_pkey ON survey_localprofile USING btree (id)
 public     | survey_localprofile                               | survey_localprofile_surveyuser_id_key                           |            | CREATE UNIQUE INDEX survey_localprofile_surveyuser_id_key ON survey_localprofile USING btree (surveyuser_id)
 public     | cms_page                                          | cms_page_publication_date                                       |            | CREATE INDEX cms_page_publication_date ON cms_page USING btree (publication_date)
 public     | cms_page                                          | cms_page_in_navigation                                          |            | CREATE INDEX cms_page_in_navigation ON cms_page USING btree (in_navigation)
 public     | cms_page                                          | cms_page_reverse_id_like                                        |            | CREATE INDEX cms_page_reverse_id_like ON cms_page USING btree (reverse_id varchar_pattern_ops)
 public     | cms_page                                          | cms_page_reverse_id                                             |            | CREATE INDEX cms_page_reverse_id ON cms_page USING btree (reverse_id)
 public     | survey_lastresponse                               | survey_lastresponse_participation_id                            |            | CREATE INDEX survey_lastresponse_participation_id ON survey_lastresponse USING btree (participation_id)
 public     | survey_localflusurvey                             | survey_localflusurvey_pkey                                      |            | CREATE UNIQUE INDEX survey_localflusurvey_pkey ON survey_localflusurvey USING btree (id)
 public     | survey_surveyuser                                 | survey_surveyuser_oneuser_id                                    |            | CREATE INDEX survey_surveyuser_oneuser_id ON survey_surveyuser USING btree (user_id)
 public     | pollster_questionrow                              | pollster_questionrow_pkey                                       |            | CREATE UNIQUE INDEX pollster_questionrow_pkey ON pollster_questionrow USING btree (id)
 public     | survey_localflusurvey                             | survey_localflusurvey_surveyuser_id                             |            | CREATE INDEX survey_localflusurvey_surveyuser_id ON survey_localflusurvey USING btree (surveyuser_id)
 public     | pollster_results_weekly_v1_2011110816521320767579 | pollster_results_weekly_pkey1                                   |            | CREATE UNIQUE INDEX pollster_results_weekly_pkey1 ON pollster_results_weekly_v1_2011110816521320767579 USING btree (id)
 public     | pollster_questioncolumn                           | pollster_questioncolumn_pkey                                    |            | CREATE UNIQUE INDEX pollster_questioncolumn_pkey ON pollster_questioncolumn USING btree (id)
 public     | partnersites_sitesettings                         | partnersites_sitesettings_site_id_key                           |            | CREATE UNIQUE INDEX partnersites_sitesettings_site_id_key ON partnersites_sitesettings USING btree (site_id)
 public     | menus_cachekey                                    | menus_cachekey_pkey                                             |            | CREATE UNIQUE INDEX menus_cachekey_pkey ON menus_cachekey USING btree (id)
 public     | pollster_question                                 | pollster_question_pkey                                          |            | CREATE UNIQUE INDEX pollster_question_pkey ON pollster_question USING btree (id)
 public     | pollster_rule                                     | pollster_rule_pkey                                              |            | CREATE UNIQUE INDEX pollster_rule_pkey ON pollster_rule USING btree (id)
 public     | pollster_option                                   | pollster_option_pkey                                            |            | CREATE UNIQUE INDEX pollster_option_pkey ON pollster_option USING btree (id)
 public     | cms_pagepermission                                | cms_pagepermission_user_id                                      |            | CREATE INDEX cms_pagepermission_user_id ON cms_pagepermission USING btree (user_id)
 public     | cms_globalpagepermission                          | cms_globalpagepermission_group_id                               |            | CREATE INDEX cms_globalpagepermission_group_id ON cms_globalpagepermission USING btree (group_id)
 public     | reminder_newsletter                               | reminder_newsletter_pkey                                        |            | CREATE UNIQUE INDEX reminder_newsletter_pkey ON reminder_newsletter USING btree (id)
 public     | cms_pageuser                                      | cms_pageuser_created_by_id                                      |            | CREATE INDEX cms_pageuser_created_by_id ON cms_pageuser USING btree (created_by_id)
 public     | reminder_newslettertemplate                       | reminder_newslettertemplate_pkey                                |            | CREATE UNIQUE INDEX reminder_newslettertemplate_pkey ON reminder_newslettertemplate USING btree (id)
 public     | reminder_newslettertranslation                    | reminder_newslettertranslation_pkey                             |            | CREATE UNIQUE INDEX reminder_newslettertranslation_pkey ON reminder_newslettertranslation USING btree (id)
 public     | reminder_newslettertranslation                    | reminder_newslettertranslat_language_code_2099d083f487505f_uniq |            | CREATE UNIQUE INDEX reminder_newslettertranslat_language_code_2099d083f487505f_uniq ON reminder_newslettertranslation USING btree (language_code, master_id)
 public     | reminder_newslettertemplatetranslation            | reminder_newslettertemplatetranslation_pkey                     |            | CREATE UNIQUE INDEX reminder_newslettertemplatetranslation_pkey ON reminder_newslettertemplatetranslation USING btree (id)
 public     | reminder_newslettertemplatetranslation            | reminder_newslettertemplate_language_code_3720782255b067e5_uniq |            | CREATE UNIQUE INDEX reminder_newslettertemplate_language_code_3720782255b067e5_uniq ON reminder_newslettertemplatetranslation USING btree (language_code, master_id)
 public     | reminder_newslettertranslation                    | reminder_newslettertranslation_language_code                    |            | CREATE INDEX reminder_newslettertranslation_language_code ON reminder_newslettertranslation USING btree (language_code)
 public     | reminder_newslettertranslation                    | reminder_newslettertranslation_language_code_like               |            | CREATE INDEX reminder_newslettertranslation_language_code_like ON reminder_newslettertranslation USING btree (language_code varchar_pattern_ops)
 public     | reminder_newslettertranslation                    | reminder_newslettertranslation_master_id                        |            | CREATE INDEX reminder_newslettertranslation_master_id ON reminder_newslettertranslation USING btree (master_id)
 public     | reminder_newslettertemplatetranslation            | reminder_newslettertemplatetranslation_language_code            |            | CREATE INDEX reminder_newslettertemplatetranslation_language_code ON reminder_newslettertemplatetranslation USING btree (language_code)
 public     | reminder_newslettertemplatetranslation            | reminder_newslettertemplatetranslation_language_code_like       |            | CREATE INDEX reminder_newslettertemplatetranslation_language_code_like ON reminder_newslettertemplatetranslation USING btree (language_code varchar_pattern_ops)
 public     | reminder_newslettertemplatetranslation            | reminder_newslettertemplatetranslation_master_id                |            | CREATE INDEX reminder_newslettertemplatetranslation_master_id ON reminder_newslettertemplatetranslation USING btree (master_id)
 public     | reminder_userreminderinfo                         | reminder_userreminderinfo_pkey                                  |            | CREATE UNIQUE INDEX reminder_userreminderinfo_pkey ON reminder_userreminderinfo USING btree (id)
 public     | reminder_userreminderinfo                         | reminder_reminder_user_id_key                                   |            | CREATE UNIQUE INDEX reminder_reminder_user_id_key ON reminder_userreminderinfo USING btree (user_id)
 public     | reminder_remindererror                            | reminder_remindererror_pkey                                     |            | CREATE UNIQUE INDEX reminder_remindererror_pkey ON reminder_remindererror USING btree (id)
 public     | reminder_remindererror                            | reminder_remindererror_user_id                                  |            | CREATE INDEX reminder_remindererror_user_id ON reminder_remindererror USING btree (user_id)
 public     | journal_category                                  | journal_category_pkey                                           |            | CREATE UNIQUE INDEX journal_category_pkey ON journal_category USING btree (id)
 public     | journal_category                                  | journal_category_slug_key                                       |            | CREATE UNIQUE INDEX journal_category_slug_key ON journal_category USING btree (slug)
 public     | cms_globalpagepermission                          | cms_globalpagepermission_user_id                                |            | CREATE INDEX cms_globalpagepermission_user_id ON cms_globalpagepermission USING btree (user_id)
 public     | pollster_results_intake                           | pollster_results_intake_pkey3                                   |            | CREATE UNIQUE INDEX pollster_results_intake_pkey3 ON pollster_results_intake USING btree (id)
 public     | cmsplugin_latestentryplugin                       | cmsplugin_latestentryplugin_pkey                                |            | CREATE UNIQUE INDEX cmsplugin_latestentryplugin_pkey ON cmsplugin_latestentryplugin USING btree (cmsplugin_ptr_id)
 public     | cms_pagemoderator                                 | cms_pagemoderator_page_id                                       |            | CREATE INDEX cms_pagemoderator_page_id ON cms_pagemoderator USING btree (page_id)
 public     | journal_latestentryplugin_category                | journal_latestentryplugin_category_pkey                         |            | CREATE UNIQUE INDEX journal_latestentryplugin_category_pkey ON journal_latestentryplugin_category USING btree (id)
 public     | journal_latestentryplugin_category                | journal_latestentrypl_latestentryplugin_id_2826864fee35fda_uniq |            | CREATE UNIQUE INDEX journal_latestentrypl_latestentryplugin_id_2826864fee35fda_uniq ON journal_latestentryplugin_category USING btree (latestentryplugin_id, category_id)
 public     | cms_pagemoderator                                 | cms_pagemoderator_user_id                                       |            | CREATE INDEX cms_pagemoderator_user_id ON cms_pagemoderator USING btree (user_id)
 public     | cms_pagemoderatorstate                            | cms_pagemoderatorstate_page_id                                  |            | CREATE INDEX cms_pagemoderatorstate_page_id ON cms_pagemoderatorstate USING btree (page_id)
 public     | pollster_chart                                    | pollster_chart_pkey                                             |            | CREATE UNIQUE INDEX pollster_chart_pkey ON pollster_chart USING btree (id)
 public     | journal_latestentryplugin_category                | journal_latestentryplugin_category_latestentryplugin_id         |            | CREATE INDEX journal_latestentryplugin_category_latestentryplugin_id ON journal_latestentryplugin_category USING btree (latestentryplugin_id)
 public     | pollster_chart                                    | pollster_chart_survey_id_55e62ca64f28a0ab_uniq                  |            | CREATE UNIQUE INDEX pollster_chart_survey_id_55e62ca64f28a0ab_uniq ON pollster_chart USING btree (survey_id, shortname)
 public     | pollster_chart                                    | pollster_chart_survey_id                                        |            | CREATE INDEX pollster_chart_survey_id ON pollster_chart USING btree (survey_id)
 public     | pollster_chart                                    | pollster_chart_type_id                                          |            | CREATE INDEX pollster_chart_type_id ON pollster_chart USING btree (type_id)
 public     | pollster_chart                                    | pollster_chart_shortname                                        |            | CREATE INDEX pollster_chart_shortname ON pollster_chart USING btree (shortname)
 public     | pollster_chart                                    | pollster_chart_shortname_like                                   |            | CREATE INDEX pollster_chart_shortname_like ON pollster_chart USING btree (shortname varchar_pattern_ops)
 public     | journal_latestentryplugin_category                | journal_latestentryplugin_category_category_id                  |            | CREATE INDEX journal_latestentryplugin_category_category_id ON journal_latestentryplugin_category USING btree (category_id)
 public     | journal_entry                                     | journal_entry_pkey                                              |            | CREATE UNIQUE INDEX journal_entry_pkey ON journal_entry USING btree (id)
 public     | journal_entry                                     | journal_entry_slug                                              |            | CREATE INDEX journal_entry_slug ON journal_entry USING btree (slug)
 public     | cms_pagemoderatorstate                            | cms_pagemoderatorstate_user_id                                  |            | CREATE INDEX cms_pagemoderatorstate_user_id ON cms_pagemoderatorstate USING btree (user_id)
 public     | cms_pageusergroup                                 | cms_pageusergroup_created_by_id                                 |            | CREATE INDEX cms_pageusergroup_created_by_id ON cms_pageusergroup USING btree (created_by_id)
 public     | journal_entrytranslation                          | journal_entrytranslation_pkey                                   |            | CREATE UNIQUE INDEX journal_entrytranslation_pkey ON journal_entrytranslation USING btree (id)
 public     | journal_entrytranslation                          | journal_entrytranslation_language_code_41e5b02cab59931_uniq     |            | CREATE UNIQUE INDEX journal_entrytranslation_language_code_41e5b02cab59931_uniq ON journal_entrytranslation USING btree (language_code, master_id)
 public     | journal_categorytranslation                       | journal_categorytranslation_language_code                       |            | CREATE INDEX journal_categorytranslation_language_code ON journal_categorytranslation USING btree (language_code)
 public     | pollster_results_weekly                           | pollster_results_weekly_pkey2                                   |            | CREATE UNIQUE INDEX pollster_results_weekly_pkey2 ON pollster_results_weekly USING btree (id)
 public     | journal_entry                                     | journal_entry_slug_like                                         |            | CREATE INDEX journal_entry_slug_like ON journal_entry USING btree (slug varchar_pattern_ops)
 public     | journal_entry                                     | journal_entry_category_id                                       |            | CREATE INDEX journal_entry_category_id ON journal_entry USING btree (category_id)
 public     | journal_categorytranslation                       | journal_categorytranslation_pkey                                |            | CREATE UNIQUE INDEX journal_categorytranslation_pkey ON journal_categorytranslation USING btree (id)
 public     | journal_categorytranslation                       | journal_categorytranslation_language_code_591d965952722a54_uniq |            | CREATE UNIQUE INDEX journal_categorytranslation_language_code_591d965952722a54_uniq ON journal_categorytranslation USING btree (language_code, master_id)
 public     | journal_categorytranslation                       | journal_categorytranslation_language_code_like                  |            | CREATE INDEX journal_categorytranslation_language_code_like ON journal_categorytranslation USING btree (language_code varchar_pattern_ops)
 public     | contest_prediction                                | contest_prediction_pkey                                         |            | CREATE UNIQUE INDEX contest_prediction_pkey ON contest_prediction USING btree (id)
 public     | journal_categorytranslation                       | journal_categorytranslation_master_id                           |            | CREATE INDEX journal_categorytranslation_master_id ON journal_categorytranslation USING btree (master_id)
 public     | contest_week                                      | contest_week_pkey                                               |            | CREATE UNIQUE INDEX contest_week_pkey ON contest_week USING btree (id)
 public     | cmsplugin_text                                    | text_text_cmsplugin_ptr_id_key                                  |            | CREATE UNIQUE INDEX text_text_cmsplugin_ptr_id_key ON cmsplugin_text USING btree (cmsplugin_ptr_id)
 public     | cmsplugin_snippetptr                              | snippet_snippetptr_cmsplugin_ptr_id_key                         |            | CREATE UNIQUE INDEX snippet_snippetptr_cmsplugin_ptr_id_key ON cmsplugin_snippetptr USING btree (cmsplugin_ptr_id)
 public     | snippet_snippet                                   | snippet_snippet_pkey                                            |            | CREATE UNIQUE INDEX snippet_snippet_pkey ON snippet_snippet USING btree (id)
 public     | snippet_snippet                                   | snippet_snippet_name_key                                        |            | CREATE UNIQUE INDEX snippet_snippet_name_key ON snippet_snippet USING btree (name)
 public     | cmsplugin_snippetptr                              | snippet_snippetptr_snippet_id                                   |            | CREATE INDEX snippet_snippetptr_snippet_id ON cmsplugin_snippetptr USING btree (snippet_id)
 public     | contest_prediction                                | contest_prediction_user_id                                      |            | CREATE INDEX contest_prediction_user_id ON contest_prediction USING btree (user_id)
 public     | cms_page                                          | cms_page_site_id                                                |            | CREATE INDEX cms_page_site_id ON cms_page USING btree (site_id)
 public     | journal_entrytranslation                          | journal_entrytranslation_language_code                          |            | CREATE INDEX journal_entrytranslation_language_code ON journal_entrytranslation USING btree (language_code)
 public     | journal_entrytranslation                          | journal_entrytranslation_language_code_like                     |            | CREATE INDEX journal_entrytranslation_language_code_like ON journal_entrytranslation USING btree (language_code varchar_pattern_ops)
 public     | cmsplugin_contestplugin                           | cmsplugin_contestplugin_pkey                                    |            | CREATE UNIQUE INDEX cmsplugin_contestplugin_pkey ON cmsplugin_contestplugin USING btree (cmsplugin_ptr_id)
 public     | contest_week                                      | contest_week_prediction_id                                      |            | CREATE INDEX contest_week_prediction_id ON contest_week USING btree (prediction_id)
 public     | cmsplugin_file                                    | file_file_cmsplugin_ptr_id_key                                  |            | CREATE UNIQUE INDEX file_file_cmsplugin_ptr_id_key ON cmsplugin_file USING btree (cmsplugin_ptr_id)
 public     | pollster_survey                                   | pollster_survey_pkey                                            |            | CREATE UNIQUE INDEX pollster_survey_pkey ON pollster_survey USING btree (id)
 public     | lk_intake_q1                                      | lk_intake_q1_pkey                                               |            | CREATE UNIQUE INDEX lk_intake_q1_pkey ON lk_intake_q1 USING btree (value)
 public     | journal_entrytranslation                          | journal_entrytranslation_master_id                              |            | CREATE INDEX journal_entrytranslation_master_id ON journal_entrytranslation USING btree (master_id)
 public     | cms_globalpagepermission_sites                    | cms_globalpagepermission_sites_pkey                             |            | CREATE UNIQUE INDEX cms_globalpagepermission_sites_pkey ON cms_globalpagepermission_sites USING btree (id)
 public     | cms_globalpagepermission_sites                    | cms_globalpagepermission_sites_globalpagepermission_id          |            | CREATE INDEX cms_globalpagepermission_sites_globalpagepermission_id ON cms_globalpagepermission_sites USING btree (globalpagepermission_id)
 public     | cms_globalpagepermission_sites                    | cms_globalpagepermission_sites_site_id                          |            | CREATE INDEX cms_globalpagepermission_sites_site_id ON cms_globalpagepermission_sites USING btree (site_id)
 public     | cmsplugin_picture                                 | cmsplugin_picture_page_link_id                                  |            | CREATE INDEX cmsplugin_picture_page_link_id ON cmsplugin_picture USING btree (page_link_id)
 public     | cmsplugin_link                                    | link_link_cmsplugin_ptr_id_key                                  |            | CREATE UNIQUE INDEX link_link_cmsplugin_ptr_id_key ON cmsplugin_link USING btree (cmsplugin_ptr_id)
 public     | cmsplugin_link                                    | link_link_page_id                                               |            | CREATE INDEX link_link_page_id ON cmsplugin_link USING btree (page_link_id)
 public     | pollster_ruletype                                 | pollster_ruletype_pkey                                          |            | CREATE UNIQUE INDEX pollster_ruletype_pkey ON pollster_ruletype USING btree (id)
 public     | pollster_questiondatatype                         | pollster_questiondatatype_pkey                                  |            | CREATE UNIQUE INDEX pollster_questiondatatype_pkey ON pollster_questiondatatype USING btree (id)
 public     | pollster_virtualoptiontype                        | pollster_virtualoptiontype_pkey                                 |            | CREATE UNIQUE INDEX pollster_virtualoptiontype_pkey ON pollster_virtualoptiontype USING btree (id)
 public     | pollster_rule_subject_options                     | pollster_rule_subject_options_pkey                              |            | CREATE UNIQUE INDEX pollster_rule_subject_options_pkey ON pollster_rule_subject_options USING btree (id)
 public     | pollster_rule_subject_options                     | pollster_rule_subject_options_rule_id_57a495f48bcfe7d2_uniq     |            | CREATE UNIQUE INDEX pollster_rule_subject_options_rule_id_57a495f48bcfe7d2_uniq ON pollster_rule_subject_options USING btree (rule_id, option_id)
 public     | pollster_rule_object_options                      | pollster_rule_object_options_pkey                               |            | CREATE UNIQUE INDEX pollster_rule_object_options_pkey ON pollster_rule_object_options USING btree (id)
 public     | pollster_rule_object_options                      | pollster_rule_object_options_rule_id_a1355baf82d198c_uniq       |            | CREATE UNIQUE INDEX pollster_rule_object_options_rule_id_a1355baf82d198c_uniq ON pollster_rule_object_options USING btree (rule_id, option_id)
 public     | pollster_translationsurvey                        | pollster_translationsurvey_pkey                                 |            | CREATE UNIQUE INDEX pollster_translationsurvey_pkey ON pollster_translationsurvey USING btree (id)
 public     | pollster_translationsurvey                        | pollster_translationsurvey_survey_id_6c9108dabcf44e2_uniq       |            | CREATE UNIQUE INDEX pollster_translationsurvey_survey_id_6c9108dabcf44e2_uniq ON pollster_translationsurvey USING btree (survey_id, language)
 public     | pollster_translationquestion                      | pollster_translationquestion_pkey                               |            | CREATE UNIQUE INDEX pollster_translationquestion_pkey ON pollster_translationquestion USING btree (id)
 public     | pollster_translationquestion                      | pollster_translationquesti_translation_id_270988ef847fb527_uniq |            | CREATE UNIQUE INDEX pollster_translationquesti_translation_id_270988ef847fb527_uniq ON pollster_translationquestion USING btree (translation_id, question_id)
 public     | pollster_translationquestionrow                   | pollster_translationquestionrow_pkey                            |            | CREATE UNIQUE INDEX pollster_translationquestionrow_pkey ON pollster_translationquestionrow USING btree (id)
 public     | pollster_translationquestionrow                   | pollster_translationquesti_translation_id_18ec8d98e4807743_uniq |            | CREATE UNIQUE INDEX pollster_translationquesti_translation_id_18ec8d98e4807743_uniq ON pollster_translationquestionrow USING btree (translation_id, row_id)
 public     | pollster_translationquestioncolumn                | pollster_translationquestioncolumn_pkey                         |            | CREATE UNIQUE INDEX pollster_translationquestioncolumn_pkey ON pollster_translationquestioncolumn USING btree (id)
 public     | pollster_translationquestioncolumn                | pollster_translationquesti_translation_id_20a7dc30afccf993_uniq |            | CREATE UNIQUE INDEX pollster_translationquesti_translation_id_20a7dc30afccf993_uniq ON pollster_translationquestioncolumn USING btree (translation_id, column_id)
 public     | pollster_translationoption                        | pollster_translationoption_pkey                                 |            | CREATE UNIQUE INDEX pollster_translationoption_pkey ON pollster_translationoption USING btree (id)
 public     | pollster_translationoption                        | pollster_translationoption_translation_id_7e617b91827c91a5_uniq |            | CREATE UNIQUE INDEX pollster_translationoption_translation_id_7e617b91827c91a5_uniq ON pollster_translationoption USING btree (translation_id, option_id)
 public     | pollster_survey                                   | pollster_survey_parent_id                                       |            | CREATE INDEX pollster_survey_parent_id ON pollster_survey USING btree (parent_id)
 public     | pollster_survey                                   | pollster_survey_shortname                                       |            | CREATE INDEX pollster_survey_shortname ON pollster_survey USING btree (shortname)
 public     | pollster_survey                                   | pollster_survey_shortname_like                                  |            | CREATE INDEX pollster_survey_shortname_like ON pollster_survey USING btree (shortname varchar_pattern_ops)
 public     | pollster_survey                                   | pollster_survey_version                                         |            | CREATE INDEX pollster_survey_version ON pollster_survey USING btree (version)
 public     | pollster_survey                                   | pollster_survey_version_like                                    |            | CREATE INDEX pollster_survey_version_like ON pollster_survey USING btree (version varchar_pattern_ops)
 public     | lk_intake_q2                                      | lk_intake_q2_pkey                                               |            | CREATE UNIQUE INDEX lk_intake_q2_pkey ON lk_intake_q2 USING btree (value_inf, value_sup)
 public     | pollster_virtualoptiontype                        | pollster_virtualoptiontype_question_data_type_id                |            | CREATE INDEX pollster_virtualoptiontype_question_data_type_id ON pollster_virtualoptiontype USING btree (question_data_type_id)
 public     | pollster_question                                 | pollster_question_survey_id                                     |            | CREATE INDEX pollster_question_survey_id ON pollster_question USING btree (survey_id)
 public     | pollster_option                                   | pollster_option_question_id                                     |            | CREATE INDEX pollster_option_question_id ON pollster_option USING btree (question_id)
 public     | pollster_question                                 | pollster_question_data_type_id                                  |            | CREATE INDEX pollster_question_data_type_id ON pollster_question USING btree (data_type_id)
 public     | pollster_option                                   | pollster_option_clone_id                                        |            | CREATE INDEX pollster_option_clone_id ON pollster_option USING btree (clone_id)
 public     | pollster_option                                   | pollster_option_row_id                                          |            | CREATE INDEX pollster_option_row_id ON pollster_option USING btree (row_id)
 public     | pollster_option                                   | pollster_option_column_id                                       |            | CREATE INDEX pollster_option_column_id ON pollster_option USING btree (column_id)
 public     | pollster_question                                 | pollster_question_open_option_data_type_id                      |            | CREATE INDEX pollster_question_open_option_data_type_id ON pollster_question USING btree (open_option_data_type_id)
 public     | pollster_questionrow                              | pollster_questionrow_question_id                                |            | CREATE INDEX pollster_questionrow_question_id ON pollster_questionrow USING btree (question_id)
 public     | pollster_questioncolumn                           | pollster_questioncolumn_question_id                             |            | CREATE INDEX pollster_questioncolumn_question_id ON pollster_questioncolumn USING btree (question_id)
 public     | pollster_rule                                     | pollster_rule_rule_type_id                                      |            | CREATE INDEX pollster_rule_rule_type_id ON pollster_rule USING btree (rule_type_id)
 public     | pollster_rule                                     | pollster_rule_subject_question_id                               |            | CREATE INDEX pollster_rule_subject_question_id ON pollster_rule USING btree (subject_question_id)
 public     | pollster_rule                                     | pollster_rule_object_question_id                                |            | CREATE INDEX pollster_rule_object_question_id ON pollster_rule USING btree (object_question_id)
 public     | pollster_option                                   | pollster_option_virtual_type_id                                 |            | CREATE INDEX pollster_option_virtual_type_id ON pollster_option USING btree (virtual_type_id)
 public     | pollster_rule_subject_options                     | pollster_rule_subject_options_rule_id                           |            | CREATE INDEX pollster_rule_subject_options_rule_id ON pollster_rule_subject_options USING btree (rule_id)
 public     | pollster_rule_subject_options                     | pollster_rule_subject_options_option_id                         |            | CREATE INDEX pollster_rule_subject_options_option_id ON pollster_rule_subject_options USING btree (option_id)
 public     | pollster_rule_object_options                      | pollster_rule_object_options_rule_id                            |            | CREATE INDEX pollster_rule_object_options_rule_id ON pollster_rule_object_options USING btree (rule_id)
 public     | pollster_rule_object_options                      | pollster_rule_object_options_option_id                          |            | CREATE INDEX pollster_rule_object_options_option_id ON pollster_rule_object_options USING btree (option_id)
 public     | pollster_translationsurvey                        | pollster_translationsurvey_survey_id                            |            | CREATE INDEX pollster_translationsurvey_survey_id ON pollster_translationsurvey USING btree (survey_id)
 public     | pollster_translationsurvey                        | pollster_translationsurvey_language                             |            | CREATE INDEX pollster_translationsurvey_language ON pollster_translationsurvey USING btree (language)
 public     | pollster_translationsurvey                        | pollster_translationsurvey_language_like                        |            | CREATE INDEX pollster_translationsurvey_language_like ON pollster_translationsurvey USING btree (language varchar_pattern_ops)
 public     | pollster_translationquestion                      | pollster_translationquestion_translation_id                     |            | CREATE INDEX pollster_translationquestion_translation_id ON pollster_translationquestion USING btree (translation_id)
 public     | pollster_translationquestion                      | pollster_translationquestion_question_id                        |            | CREATE INDEX pollster_translationquestion_question_id ON pollster_translationquestion USING btree (question_id)
 public     | pollster_translationquestionrow                   | pollster_translationquestionrow_translation_id                  |            | CREATE INDEX pollster_translationquestionrow_translation_id ON pollster_translationquestionrow USING btree (translation_id)
 public     | pollster_translationquestionrow                   | pollster_translationquestionrow_row_id                          |            | CREATE INDEX pollster_translationquestionrow_row_id ON pollster_translationquestionrow USING btree (row_id)
 public     | pollster_translationquestioncolumn                | pollster_translationquestioncolumn_translation_id               |            | CREATE INDEX pollster_translationquestioncolumn_translation_id ON pollster_translationquestioncolumn USING btree (translation_id)
 public     | pollster_translationquestioncolumn                | pollster_translationquestioncolumn_column_id                    |            | CREATE INDEX pollster_translationquestioncolumn_column_id ON pollster_translationquestioncolumn USING btree (column_id)
 public     | pollster_ruletype                                 | pollster_ruletype_js_class_uniq                                 |            | CREATE UNIQUE INDEX pollster_ruletype_js_class_uniq ON pollster_ruletype USING btree (js_class)
 public     | pollster_virtualoptiontype                        | pollster_virtualoptiontype_js_class_uniq                        |            | CREATE UNIQUE INDEX pollster_virtualoptiontype_js_class_uniq ON pollster_virtualoptiontype USING btree (js_class)
 public     | pollster_questiondatatype                         | pollster_questiondatatype_js_class_uniq                         |            | CREATE UNIQUE INDEX pollster_questiondatatype_js_class_uniq ON pollster_questiondatatype USING btree (js_class)
 public     | pollster_translationoption                        | pollster_translationoption_translation_id                       |            | CREATE INDEX pollster_translationoption_translation_id ON pollster_translationoption USING btree (translation_id)
 public     | pollster_translationoption                        | pollster_translationoption_option_id                            |            | CREATE INDEX pollster_translationoption_option_id ON pollster_translationoption USING btree (option_id)
 public     | geometry_columns                                  | geometry_columns_pk                                             |            | CREATE UNIQUE INDEX geometry_columns_pk ON geometry_columns USING btree (f_table_catalog, f_table_schema, f_table_name, f_geometry_column)
 public     | pollster_charttype                                | pollster_charttype_pkey                                         |            | CREATE UNIQUE INDEX pollster_charttype_pkey ON pollster_charttype USING btree (id)
 public     | pollster_charttype                                | pollster_charttype_shortname_key                                |            | CREATE UNIQUE INDEX pollster_charttype_shortname_key ON pollster_charttype USING btree (shortname)
 public     | cmsplugin_surveychartplugin                       | cmsplugin_surveychartplugin_pkey                                |            | CREATE UNIQUE INDEX cmsplugin_surveychartplugin_pkey ON cmsplugin_surveychartplugin USING btree (cmsplugin_ptr_id)
 public     | cmsplugin_surveychartplugin                       | cmsplugin_surveychartplugin_chart_id                            |            | CREATE INDEX cmsplugin_surveychartplugin_chart_id ON cmsplugin_surveychartplugin USING btree (chart_id)
 public     | django_cache                                      | django_cache_pkey                                               |            | CREATE UNIQUE INDEX django_cache_pkey ON django_cache USING btree (cache_key)
 public     | django_cache                                      | django_cache_expires                                            |            | CREATE INDEX django_cache_expires ON django_cache USING btree (expires)
 public     | spatial_ref_sys                                   | spatial_ref_sys_pkey                                            |            | CREATE UNIQUE INDEX spatial_ref_sys_pkey ON spatial_ref_sys USING btree (srid)
 public     | pollster_calendar                                 | pollster_calendar_pkey                                          |            | CREATE UNIQUE INDEX pollster_calendar_pkey ON pollster_calendar USING btree (p_day)
(352 rows)

